2025-06-16 17:49:52,425 - root - INFO - Бот запущен
2025-06-16 17:49:52,426 - aiogram.dispatcher - INFO - Start polling
2025-06-16 17:49:53,088 - aiogram.dispatcher - INFO - Run polling for bot @stavich_bot id=6899209881 - 'Дед Ставыч'
2025-06-16 17:49:58,648 - aiogram.event - INFO - Update id=824225190 is not handled. Duration 1 ms by bot id=6899209881
2025-06-16 17:50:03,377 - aiogram.event - INFO - Update id=824225191 is handled. Duration 586 ms by bot id=6899209881
2025-06-16 17:50:05,440 - aiogram.event - INFO - Update id=824225192 is not handled. Duration 0 ms by bot id=6899209881
2025-06-16 17:50:05,440 - aiogram.event - ERROR - Cause exception while process update id=824225192 by bot id=6899209881
NameError: name 'config' is not defined
Traceback (most recent call last):
  File "/Users/ruslankirillov/Desktop/Книги/bot_auto_seller/bot_app/veh_seller_bot/myvenv/lib/python3.13/site-packages/aiogram/dispatcher/dispatcher.py", line 309, in _process_update
    response = await self.feed_update(bot, update, **kwargs)
               ^^^^^^^^^^^^^^^^^^^^^^^^^^^^^^^^^^^^^^^^^^^^^
  File "/Users/ruslankirillov/Desktop/Книги/bot_auto_seller/bot_app/veh_seller_bot/myvenv/lib/python3.13/site-packages/aiogram/dispatcher/dispatcher.py", line 158, in feed_update
    response = await self.update.wrap_outer_middleware(
               ^^^^^^^^^^^^^^^^^^^^^^^^^^^^^^^^^^^^^^^^
    ...<7 lines>...
    )
    ^
  File "/Users/ruslankirillov/Desktop/Книги/bot_auto_seller/bot_app/veh_seller_bot/myvenv/lib/python3.13/site-packages/aiogram/dispatcher/middlewares/error.py", line 25, in __call__
    return await handler(event, data)
           ^^^^^^^^^^^^^^^^^^^^^^^^^^
  File "/Users/ruslankirillov/Desktop/Книги/bot_auto_seller/bot_app/veh_seller_bot/myvenv/lib/python3.13/site-packages/aiogram/dispatcher/middlewares/user_context.py", line 56, in __call__
    return await handler(event, data)
           ^^^^^^^^^^^^^^^^^^^^^^^^^^
  File "/Users/ruslankirillov/Desktop/Книги/bot_auto_seller/bot_app/veh_seller_bot/myvenv/lib/python3.13/site-packages/aiogram/fsm/middleware.py", line 42, in __call__
    return await handler(event, data)
           ^^^^^^^^^^^^^^^^^^^^^^^^^^
  File "/Users/ruslankirillov/Desktop/Книги/bot_auto_seller/bot_app/veh_seller_bot/myvenv/lib/python3.13/site-packages/aiogram/dispatcher/event/telegram.py", line 121, in trigger
    return await wrapped_inner(event, kwargs)
           ^^^^^^^^^^^^^^^^^^^^^^^^^^^^^^^^^^
  File "/Users/ruslankirillov/Desktop/Книги/bot_auto_seller/bot_app/veh_seller_bot/myvenv/lib/python3.13/site-packages/aiogram/dispatcher/event/handler.py", line 43, in call
    return await wrapped()
           ^^^^^^^^^^^^^^^
  File "/Users/ruslankirillov/Desktop/Книги/bot_auto_seller/bot_app/veh_seller_bot/myvenv/lib/python3.13/site-packages/aiogram/dispatcher/dispatcher.py", line 276, in _listen_update
    return await self.propagate_event(update_type=update_type, event=event, **kwargs)
           ^^^^^^^^^^^^^^^^^^^^^^^^^^^^^^^^^^^^^^^^^^^^^^^^^^^^^^^^^^^^^^^^^^^^^^^^^^
  File "/Users/ruslankirillov/Desktop/Книги/bot_auto_seller/bot_app/veh_seller_bot/myvenv/lib/python3.13/site-packages/aiogram/dispatcher/router.py", line 146, in propagate_event
    return await observer.wrap_outer_middleware(_wrapped, event=event, data=kwargs)
           ^^^^^^^^^^^^^^^^^^^^^^^^^^^^^^^^^^^^^^^^^^^^^^^^^^^^^^^^^^^^^^^^^^^^^^^^
  File "/Users/ruslankirillov/Desktop/Книги/bot_auto_seller/bot_app/veh_seller_bot/myvenv/lib/python3.13/site-packages/aiogram/dispatcher/router.py", line 141, in _wrapped
    return await self._propagate_event(
           ^^^^^^^^^^^^^^^^^^^^^^^^^^^^
        observer=observer, update_type=update_type, event=telegram_event, **data
        ^^^^^^^^^^^^^^^^^^^^^^^^^^^^^^^^^^^^^^^^^^^^^^^^^^^^^^^^^^^^^^^^^^^^^^^^
    )
    ^
  File "/Users/ruslankirillov/Desktop/Книги/bot_auto_seller/bot_app/veh_seller_bot/myvenv/lib/python3.13/site-packages/aiogram/dispatcher/router.py", line 174, in _propagate_event
    response = await router.propagate_event(update_type=update_type, event=event, **kwargs)
               ^^^^^^^^^^^^^^^^^^^^^^^^^^^^^^^^^^^^^^^^^^^^^^^^^^^^^^^^^^^^^^^^^^^^^^^^^^^^
  File "/Users/ruslankirillov/Desktop/Книги/bot_auto_seller/bot_app/veh_seller_bot/myvenv/lib/python3.13/site-packages/aiogram/dispatcher/router.py", line 146, in propagate_event
    return await observer.wrap_outer_middleware(_wrapped, event=event, data=kwargs)
           ^^^^^^^^^^^^^^^^^^^^^^^^^^^^^^^^^^^^^^^^^^^^^^^^^^^^^^^^^^^^^^^^^^^^^^^^
  File "/Users/ruslankirillov/Desktop/Книги/bot_auto_seller/bot_app/veh_seller_bot/myvenv/lib/python3.13/site-packages/aiogram/dispatcher/router.py", line 141, in _wrapped
    return await self._propagate_event(
           ^^^^^^^^^^^^^^^^^^^^^^^^^^^^
        observer=observer, update_type=update_type, event=telegram_event, **data
        ^^^^^^^^^^^^^^^^^^^^^^^^^^^^^^^^^^^^^^^^^^^^^^^^^^^^^^^^^^^^^^^^^^^^^^^^
    )
    ^
  File "/Users/ruslankirillov/Desktop/Книги/bot_auto_seller/bot_app/veh_seller_bot/myvenv/lib/python3.13/site-packages/aiogram/dispatcher/router.py", line 166, in _propagate_event
    response = await observer.trigger(event, **kwargs)
               ^^^^^^^^^^^^^^^^^^^^^^^^^^^^^^^^^^^^^^^
  File "/Users/ruslankirillov/Desktop/Книги/bot_auto_seller/bot_app/veh_seller_bot/myvenv/lib/python3.13/site-packages/aiogram/dispatcher/event/telegram.py", line 121, in trigger
    return await wrapped_inner(event, kwargs)
           ^^^^^^^^^^^^^^^^^^^^^^^^^^^^^^^^^^
  File "/Users/ruslankirillov/Desktop/Книги/bot_auto_seller/bot_app/veh_seller_bot/myvenv/lib/python3.13/site-packages/aiogram/dispatcher/event/handler.py", line 43, in call
    return await wrapped()
           ^^^^^^^^^^^^^^^
  File "/Users/ruslankirillov/Desktop/Книги/bot_auto_seller/bot_app/veh_seller_bot/handlers/admin.py", line 15, in admin_panel
    if message.from_user.id not in config.ADMIN_IDS:
                                   ^^^^^^
NameError: name 'config' is not defined
2025-06-16 17:55:08,214 - aiogram.dispatcher - WARNING - Received SIGINT signal
2025-06-16 17:55:08,255 - aiogram.dispatcher - INFO - Polling stopped for bot @stavich_bot id=6899209881 - 'Дед Ставыч'
2025-06-16 17:55:08,255 - aiogram.dispatcher - INFO - Polling stopped
