2025-06-22 00:12:02,145 - root - INFO - Бот запущен
2025-06-22 00:12:02,146 - aiogram.dispatcher - INFO - Start polling
2025-06-22 00:12:02,655 - aiogram.dispatcher - INFO - Run polling for bot @stavich_bot id=6899209881 - 'Дед Ставыч'
2025-06-22 00:12:20,863 - aiogram.event - INFO - Update id=824225266 is not handled. Duration 3 ms by bot id=6899209881
2025-06-22 00:12:20,864 - aiogram.event - ERROR - Cause exception while process update id=824225266 by bot id=6899209881
ValidationError: 1 validation error for ReplyKeyboardMarkup
keyboard
  Field required [type=missing, input_value={'resize_keyboard': True,...ne_time_keyboard': True}, input_type=dict]
    For further information visit https://errors.pydantic.dev/2.11/v/missing
Traceback (most recent call last):
  File "/Users/ruslankirillov/Desktop/Книги/bot_auto_seller/bot_app/veh_seller_bot/myvenv/lib/python3.13/site-packages/aiogram/dispatcher/dispatcher.py", line 309, in _process_update
    response = await self.feed_update(bot, update, **kwargs)
               ^^^^^^^^^^^^^^^^^^^^^^^^^^^^^^^^^^^^^^^^^^^^^
  File "/Users/ruslankirillov/Desktop/Книги/bot_auto_seller/bot_app/veh_seller_bot/myvenv/lib/python3.13/site-packages/aiogram/dispatcher/dispatcher.py", line 158, in feed_update
    response = await self.update.wrap_outer_middleware(
               ^^^^^^^^^^^^^^^^^^^^^^^^^^^^^^^^^^^^^^^^
    ...<7 lines>...
    )
    ^
  File "/Users/ruslankirillov/Desktop/Книги/bot_auto_seller/bot_app/veh_seller_bot/myvenv/lib/python3.13/site-packages/aiogram/dispatcher/middlewares/error.py", line 25, in __call__
    return await handler(event, data)
           ^^^^^^^^^^^^^^^^^^^^^^^^^^
  File "/Users/ruslankirillov/Desktop/Книги/bot_auto_seller/bot_app/veh_seller_bot/myvenv/lib/python3.13/site-packages/aiogram/dispatcher/middlewares/user_context.py", line 56, in __call__
    return await handler(event, data)
           ^^^^^^^^^^^^^^^^^^^^^^^^^^
  File "/Users/ruslankirillov/Desktop/Книги/bot_auto_seller/bot_app/veh_seller_bot/myvenv/lib/python3.13/site-packages/aiogram/fsm/middleware.py", line 42, in __call__
    return await handler(event, data)
           ^^^^^^^^^^^^^^^^^^^^^^^^^^
  File "/Users/ruslankirillov/Desktop/Книги/bot_auto_seller/bot_app/veh_seller_bot/myvenv/lib/python3.13/site-packages/aiogram/dispatcher/event/telegram.py", line 121, in trigger
    return await wrapped_inner(event, kwargs)
           ^^^^^^^^^^^^^^^^^^^^^^^^^^^^^^^^^^
  File "/Users/ruslankirillov/Desktop/Книги/bot_auto_seller/bot_app/veh_seller_bot/myvenv/lib/python3.13/site-packages/aiogram/dispatcher/event/handler.py", line 43, in call
    return await wrapped()
           ^^^^^^^^^^^^^^^
  File "/Users/ruslankirillov/Desktop/Книги/bot_auto_seller/bot_app/veh_seller_bot/myvenv/lib/python3.13/site-packages/aiogram/dispatcher/dispatcher.py", line 276, in _listen_update
    return await self.propagate_event(update_type=update_type, event=event, **kwargs)
           ^^^^^^^^^^^^^^^^^^^^^^^^^^^^^^^^^^^^^^^^^^^^^^^^^^^^^^^^^^^^^^^^^^^^^^^^^^
  File "/Users/ruslankirillov/Desktop/Книги/bot_auto_seller/bot_app/veh_seller_bot/myvenv/lib/python3.13/site-packages/aiogram/dispatcher/router.py", line 146, in propagate_event
    return await observer.wrap_outer_middleware(_wrapped, event=event, data=kwargs)
           ^^^^^^^^^^^^^^^^^^^^^^^^^^^^^^^^^^^^^^^^^^^^^^^^^^^^^^^^^^^^^^^^^^^^^^^^
  File "/Users/ruslankirillov/Desktop/Книги/bot_auto_seller/bot_app/veh_seller_bot/myvenv/lib/python3.13/site-packages/aiogram/dispatcher/router.py", line 141, in _wrapped
    return await self._propagate_event(
           ^^^^^^^^^^^^^^^^^^^^^^^^^^^^
        observer=observer, update_type=update_type, event=telegram_event, **data
        ^^^^^^^^^^^^^^^^^^^^^^^^^^^^^^^^^^^^^^^^^^^^^^^^^^^^^^^^^^^^^^^^^^^^^^^^
    )
    ^
  File "/Users/ruslankirillov/Desktop/Книги/bot_auto_seller/bot_app/veh_seller_bot/myvenv/lib/python3.13/site-packages/aiogram/dispatcher/router.py", line 174, in _propagate_event
    response = await router.propagate_event(update_type=update_type, event=event, **kwargs)
               ^^^^^^^^^^^^^^^^^^^^^^^^^^^^^^^^^^^^^^^^^^^^^^^^^^^^^^^^^^^^^^^^^^^^^^^^^^^^
  File "/Users/ruslankirillov/Desktop/Книги/bot_auto_seller/bot_app/veh_seller_bot/myvenv/lib/python3.13/site-packages/aiogram/dispatcher/router.py", line 146, in propagate_event
    return await observer.wrap_outer_middleware(_wrapped, event=event, data=kwargs)
           ^^^^^^^^^^^^^^^^^^^^^^^^^^^^^^^^^^^^^^^^^^^^^^^^^^^^^^^^^^^^^^^^^^^^^^^^
  File "/Users/ruslankirillov/Desktop/Книги/bot_auto_seller/bot_app/veh_seller_bot/myvenv/lib/python3.13/site-packages/aiogram/dispatcher/router.py", line 141, in _wrapped
    return await self._propagate_event(
           ^^^^^^^^^^^^^^^^^^^^^^^^^^^^
        observer=observer, update_type=update_type, event=telegram_event, **data
        ^^^^^^^^^^^^^^^^^^^^^^^^^^^^^^^^^^^^^^^^^^^^^^^^^^^^^^^^^^^^^^^^^^^^^^^^
    )
    ^
  File "/Users/ruslankirillov/Desktop/Книги/bot_auto_seller/bot_app/veh_seller_bot/myvenv/lib/python3.13/site-packages/aiogram/dispatcher/router.py", line 166, in _propagate_event
    response = await observer.trigger(event, **kwargs)
               ^^^^^^^^^^^^^^^^^^^^^^^^^^^^^^^^^^^^^^^
  File "/Users/ruslankirillov/Desktop/Книги/bot_auto_seller/bot_app/veh_seller_bot/myvenv/lib/python3.13/site-packages/aiogram/dispatcher/event/telegram.py", line 121, in trigger
    return await wrapped_inner(event, kwargs)
           ^^^^^^^^^^^^^^^^^^^^^^^^^^^^^^^^^^
  File "/Users/ruslankirillov/Desktop/Книги/bot_auto_seller/bot_app/veh_seller_bot/myvenv/lib/python3.13/site-packages/aiogram/dispatcher/event/handler.py", line 43, in call
    return await wrapped()
           ^^^^^^^^^^^^^^^
  File "/Users/ruslankirillov/Desktop/Книги/bot_auto_seller/bot_app/veh_seller_bot/handlers/admin.py", line 93, in statistics_menu
    keyboard = ReplyKeyboardMarkup(
        resize_keyboard=True,
        one_time_keyboard=True
    )
  File "/Users/ruslankirillov/Desktop/Книги/bot_auto_seller/bot_app/veh_seller_bot/myvenv/lib/python3.13/site-packages/pydantic/main.py", line 253, in __init__
    validated_self = self.__pydantic_validator__.validate_python(data, self_instance=self)
pydantic_core._pydantic_core.ValidationError: 1 validation error for ReplyKeyboardMarkup
keyboard
  Field required [type=missing, input_value={'resize_keyboard': True,...ne_time_keyboard': True}, input_type=dict]
    For further information visit https://errors.pydantic.dev/2.11/v/missing
2025-06-22 00:12:31,271 - aiogram.event - INFO - Update id=824225267 is handled. Duration 947 ms by bot id=6899209881
2025-06-22 00:12:32,781 - aiogram.event - INFO - Update id=824225268 is handled. Duration 180 ms by bot id=6899209881
2025-06-22 00:12:33,989 - aiogram.event - INFO - Update id=824225269 is not handled. Duration 6 ms by bot id=6899209881
2025-06-22 00:12:33,989 - aiogram.event - ERROR - Cause exception while process update id=824225269 by bot id=6899209881
ValidationError: 1 validation error for ReplyKeyboardMarkup
keyboard
  Field required [type=missing, input_value={'resize_keyboard': True,...ne_time_keyboard': True}, input_type=dict]
    For further information visit https://errors.pydantic.dev/2.11/v/missing
Traceback (most recent call last):
  File "/Users/ruslankirillov/Desktop/Книги/bot_auto_seller/bot_app/veh_seller_bot/myvenv/lib/python3.13/site-packages/aiogram/dispatcher/dispatcher.py", line 309, in _process_update
    response = await self.feed_update(bot, update, **kwargs)
               ^^^^^^^^^^^^^^^^^^^^^^^^^^^^^^^^^^^^^^^^^^^^^
  File "/Users/ruslankirillov/Desktop/Книги/bot_auto_seller/bot_app/veh_seller_bot/myvenv/lib/python3.13/site-packages/aiogram/dispatcher/dispatcher.py", line 158, in feed_update
    response = await self.update.wrap_outer_middleware(
               ^^^^^^^^^^^^^^^^^^^^^^^^^^^^^^^^^^^^^^^^
    ...<7 lines>...
    )
    ^
  File "/Users/ruslankirillov/Desktop/Книги/bot_auto_seller/bot_app/veh_seller_bot/myvenv/lib/python3.13/site-packages/aiogram/dispatcher/middlewares/error.py", line 25, in __call__
    return await handler(event, data)
           ^^^^^^^^^^^^^^^^^^^^^^^^^^
  File "/Users/ruslankirillov/Desktop/Книги/bot_auto_seller/bot_app/veh_seller_bot/myvenv/lib/python3.13/site-packages/aiogram/dispatcher/middlewares/user_context.py", line 56, in __call__
    return await handler(event, data)
           ^^^^^^^^^^^^^^^^^^^^^^^^^^
  File "/Users/ruslankirillov/Desktop/Книги/bot_auto_seller/bot_app/veh_seller_bot/myvenv/lib/python3.13/site-packages/aiogram/fsm/middleware.py", line 42, in __call__
    return await handler(event, data)
           ^^^^^^^^^^^^^^^^^^^^^^^^^^
  File "/Users/ruslankirillov/Desktop/Книги/bot_auto_seller/bot_app/veh_seller_bot/myvenv/lib/python3.13/site-packages/aiogram/dispatcher/event/telegram.py", line 121, in trigger
    return await wrapped_inner(event, kwargs)
           ^^^^^^^^^^^^^^^^^^^^^^^^^^^^^^^^^^
  File "/Users/ruslankirillov/Desktop/Книги/bot_auto_seller/bot_app/veh_seller_bot/myvenv/lib/python3.13/site-packages/aiogram/dispatcher/event/handler.py", line 43, in call
    return await wrapped()
           ^^^^^^^^^^^^^^^
  File "/Users/ruslankirillov/Desktop/Книги/bot_auto_seller/bot_app/veh_seller_bot/myvenv/lib/python3.13/site-packages/aiogram/dispatcher/dispatcher.py", line 276, in _listen_update
    return await self.propagate_event(update_type=update_type, event=event, **kwargs)
           ^^^^^^^^^^^^^^^^^^^^^^^^^^^^^^^^^^^^^^^^^^^^^^^^^^^^^^^^^^^^^^^^^^^^^^^^^^
  File "/Users/ruslankirillov/Desktop/Книги/bot_auto_seller/bot_app/veh_seller_bot/myvenv/lib/python3.13/site-packages/aiogram/dispatcher/router.py", line 146, in propagate_event
    return await observer.wrap_outer_middleware(_wrapped, event=event, data=kwargs)
           ^^^^^^^^^^^^^^^^^^^^^^^^^^^^^^^^^^^^^^^^^^^^^^^^^^^^^^^^^^^^^^^^^^^^^^^^
  File "/Users/ruslankirillov/Desktop/Книги/bot_auto_seller/bot_app/veh_seller_bot/myvenv/lib/python3.13/site-packages/aiogram/dispatcher/router.py", line 141, in _wrapped
    return await self._propagate_event(
           ^^^^^^^^^^^^^^^^^^^^^^^^^^^^
        observer=observer, update_type=update_type, event=telegram_event, **data
        ^^^^^^^^^^^^^^^^^^^^^^^^^^^^^^^^^^^^^^^^^^^^^^^^^^^^^^^^^^^^^^^^^^^^^^^^
    )
    ^
  File "/Users/ruslankirillov/Desktop/Книги/bot_auto_seller/bot_app/veh_seller_bot/myvenv/lib/python3.13/site-packages/aiogram/dispatcher/router.py", line 174, in _propagate_event
    response = await router.propagate_event(update_type=update_type, event=event, **kwargs)
               ^^^^^^^^^^^^^^^^^^^^^^^^^^^^^^^^^^^^^^^^^^^^^^^^^^^^^^^^^^^^^^^^^^^^^^^^^^^^
  File "/Users/ruslankirillov/Desktop/Книги/bot_auto_seller/bot_app/veh_seller_bot/myvenv/lib/python3.13/site-packages/aiogram/dispatcher/router.py", line 146, in propagate_event
    return await observer.wrap_outer_middleware(_wrapped, event=event, data=kwargs)
           ^^^^^^^^^^^^^^^^^^^^^^^^^^^^^^^^^^^^^^^^^^^^^^^^^^^^^^^^^^^^^^^^^^^^^^^^
  File "/Users/ruslankirillov/Desktop/Книги/bot_auto_seller/bot_app/veh_seller_bot/myvenv/lib/python3.13/site-packages/aiogram/dispatcher/router.py", line 141, in _wrapped
    return await self._propagate_event(
           ^^^^^^^^^^^^^^^^^^^^^^^^^^^^
        observer=observer, update_type=update_type, event=telegram_event, **data
        ^^^^^^^^^^^^^^^^^^^^^^^^^^^^^^^^^^^^^^^^^^^^^^^^^^^^^^^^^^^^^^^^^^^^^^^^
    )
    ^
  File "/Users/ruslankirillov/Desktop/Книги/bot_auto_seller/bot_app/veh_seller_bot/myvenv/lib/python3.13/site-packages/aiogram/dispatcher/router.py", line 166, in _propagate_event
    response = await observer.trigger(event, **kwargs)
               ^^^^^^^^^^^^^^^^^^^^^^^^^^^^^^^^^^^^^^^
  File "/Users/ruslankirillov/Desktop/Книги/bot_auto_seller/bot_app/veh_seller_bot/myvenv/lib/python3.13/site-packages/aiogram/dispatcher/event/telegram.py", line 121, in trigger
    return await wrapped_inner(event, kwargs)
           ^^^^^^^^^^^^^^^^^^^^^^^^^^^^^^^^^^
  File "/Users/ruslankirillov/Desktop/Книги/bot_auto_seller/bot_app/veh_seller_bot/myvenv/lib/python3.13/site-packages/aiogram/dispatcher/event/handler.py", line 43, in call
    return await wrapped()
           ^^^^^^^^^^^^^^^
  File "/Users/ruslankirillov/Desktop/Книги/bot_auto_seller/bot_app/veh_seller_bot/handlers/admin.py", line 93, in statistics_menu
    keyboard = ReplyKeyboardMarkup(
        resize_keyboard=True,
        one_time_keyboard=True
    )
  File "/Users/ruslankirillov/Desktop/Книги/bot_auto_seller/bot_app/veh_seller_bot/myvenv/lib/python3.13/site-packages/pydantic/main.py", line 253, in __init__
    validated_self = self.__pydantic_validator__.validate_python(data, self_instance=self)
pydantic_core._pydantic_core.ValidationError: 1 validation error for ReplyKeyboardMarkup
keyboard
  Field required [type=missing, input_value={'resize_keyboard': True,...ne_time_keyboard': True}, input_type=dict]
    For further information visit https://errors.pydantic.dev/2.11/v/missing
2025-06-22 00:13:09,749 - aiogram.dispatcher - WARNING - Received SIGINT signal
2025-06-22 00:13:09,752 - aiogram.dispatcher - INFO - Polling stopped for bot @stavich_bot id=6899209881 - 'Дед Ставыч'
2025-06-22 00:13:09,753 - aiogram.dispatcher - INFO - Polling stopped
